{"contracts\\interfaces\\IYieldStrategy.sol":{"l":{},"path":"C:\\Users\\11071\\YieldMind\\contracts\\contracts\\interfaces\\IYieldStrategy.sol","s":{},"b":{},"f":{},"fnMap":{},"statementMap":{},"branchMap":{}},"contracts\\mocks\\MockERC20.sol":{"l":{"19":27,"23":0,"30":54,"37":0},"path":"C:\\Users\\11071\\YieldMind\\contracts\\contracts\\mocks\\MockERC20.sol","s":{"1":0,"2":54,"3":0},"b":{"1":[54,0]},"f":{"1":27,"2":0,"3":54,"4":0},"fnMap":{"1":{"name":"constructor","line":18,"loc":{"start":{"line":14,"column":4},"end":{"line":20,"column":4}}},"2":{"name":"decimals","line":22,"loc":{"start":{"line":22,"column":4},"end":{"line":24,"column":4}}},"3":{"name":"mint","line":29,"loc":{"start":{"line":29,"column":4},"end":{"line":31,"column":4}}},"4":{"name":"burn","line":36,"loc":{"start":{"line":36,"column":4},"end":{"line":38,"column":4}}}},"statementMap":{"1":{"start":{"line":23,"column":8},"end":{"line":23,"column":24}},"2":{"start":{"line":30,"column":8},"end":{"line":30,"column":24}},"3":{"start":{"line":37,"column":8},"end":{"line":37,"column":32}}},"branchMap":{"1":{"line":29,"type":"if","locations":[{"start":{"line":29,"column":55},"end":{"line":29,"column":55}},{"start":{"line":29,"column":55},"end":{"line":29,"column":55}}]}}},"contracts\\YieldMindCore.sol":{"l":{"87":60,"88":60,"92":4,"93":3,"97":4,"98":4,"111":27,"112":27,"114":27,"115":27,"116":27,"117":27,"120":27,"121":27,"122":27,"123":27,"134":12,"137":11,"138":11,"141":11,"144":11,"145":11,"146":11,"147":11,"149":11,"150":11,"153":11,"156":10,"159":11,"168":4,"170":3,"171":3,"174":2,"175":2,"178":2,"179":2,"180":2,"181":2,"184":2,"186":2,"202":57,"203":56,"204":55,"205":55,"207":55,"216":55,"217":55,"219":55,"227":2,"230":2,"231":2,"232":0,"235":2,"236":2,"239":2,"241":2,"253":1,"254":1,"256":1,"257":1,"258":1,"260":1,"261":1,"263":1,"274":1,"275":1,"280":1,"281":1,"283":1,"285":1,"295":2,"297":2,"298":2,"299":2,"301":2,"304":1,"305":2,"306":2,"308":2,"309":2,"311":2,"312":1,"313":1,"314":0,"315":0,"316":0,"317":0,"318":0,"325":1,"326":2,"327":2,"328":2,"330":2,"332":2,"333":0,"334":0,"335":0,"336":0,"337":0,"338":0,"339":0,"341":0,"342":0,"343":0,"344":0,"349":2,"350":2,"354":1,"355":1,"357":1,"367":1,"369":1,"370":2,"371":2,"372":2,"373":2,"374":2,"375":2,"379":1,"380":1,"389":1,"390":1,"391":2,"392":2,"396":1,"397":1,"398":1,"399":2,"400":2,"412":4,"413":4,"414":4,"421":3,"435":2,"436":2,"437":2,"438":2,"439":2,"440":2,"449":3,"456":1,"464":0,"466":0,"467":0,"468":0,"469":0,"473":0,"474":0,"475":0,"476":0,"477":0,"479":0,"481":0,"482":0,"491":11,"492":11,"494":10,"495":10,"497":1,"504":2,"505":0,"507":2,"514":2,"515":2,"516":4,"517":2,"518":2,"519":2,"529":0,"530":0},"path":"C:\\Users\\11071\\YieldMind\\contracts\\contracts\\YieldMindCore.sol","s":{"1":60,"2":4,"3":4,"4":27,"5":27,"6":27,"7":27,"8":27,"9":27,"10":12,"11":11,"12":11,"13":11,"14":11,"15":11,"16":4,"17":3,"18":3,"19":2,"20":2,"21":2,"22":57,"23":56,"24":55,"25":55,"26":55,"27":55,"28":2,"29":2,"30":2,"31":0,"32":2,"33":2,"34":1,"35":1,"36":1,"37":1,"38":1,"39":1,"40":1,"41":1,"42":1,"43":2,"44":2,"45":2,"46":2,"47":1,"48":2,"49":2,"50":2,"51":2,"52":2,"53":1,"54":1,"55":0,"56":0,"57":0,"58":1,"59":2,"60":2,"61":2,"62":2,"63":0,"64":0,"65":0,"66":0,"67":0,"68":0,"69":0,"70":0,"71":2,"72":2,"73":1,"74":1,"75":1,"76":2,"77":2,"78":2,"79":2,"80":1,"81":1,"82":1,"83":2,"84":1,"85":1,"86":2,"87":4,"88":3,"89":2,"90":3,"91":1,"92":0,"93":0,"94":0,"95":0,"96":0,"97":0,"98":0,"99":0,"100":11,"101":11,"102":10,"103":10,"104":1,"105":2,"106":0,"107":2,"108":2,"109":2,"110":4,"111":2,"112":0},"b":{"1":[60,0],"2":[3,1],"3":[4,0],"4":[27,0],"5":[27,0],"6":[13,0],"7":[12,1],"8":[11,1],"9":[11,0],"10":[10,1],"11":[4,0],"12":[4,0],"13":[3,1],"14":[2,1],"15":[2,0],"16":[57,0],"17":[56,1],"18":[55,1],"19":[55,0],"20":[55,0],"21":[2,0],"22":[2,0],"23":[2,0],"24":[0,2],"25":[1,0],"26":[1,0],"27":[1,0],"28":[1,0],"29":[1,1],"30":[1,0],"31":[1,0],"32":[2,0],"33":[2,0],"34":[2,0],"35":[1,1],"36":[2,0],"37":[1,1],"38":[0,1],"39":[0,0],"40":[0,2],"41":[0,0],"42":[0,0],"43":[0,0],"44":[2,0],"45":[2,0],"46":[1,0],"47":[2,0],"48":[2,0],"49":[3,0],"50":[1,0],"51":[0,0],"52":[0,0],"53":[0,0],"54":[0,0],"55":[11,0],"56":[10,1],"57":[10,0],"58":[0,2],"59":[2,2],"60":[0,0],"61":[0,0]},"f":{"1":60,"2":4,"3":4,"4":27,"5":12,"6":4,"7":57,"8":2,"9":1,"10":1,"11":2,"12":1,"13":1,"14":4,"15":3,"16":2,"17":3,"18":1,"19":0,"20":11,"21":2,"22":2,"23":0},"fnMap":{"1":{"name":"onlyStrategyManager","line":86,"loc":{"start":{"line":86,"column":4},"end":{"line":89,"column":4}}},"2":{"name":"onlyHarvester","line":91,"loc":{"start":{"line":91,"column":4},"end":{"line":94,"column":4}}},"3":{"name":"onlyGuardian","line":96,"loc":{"start":{"line":96,"column":4},"end":{"line":99,"column":4}}},"4":{"name":"constructor","line":107,"loc":{"start":{"line":107,"column":4},"end":{"line":124,"column":4}}},"5":{"name":"deposit","line":133,"loc":{"start":{"line":133,"column":4},"end":{"line":160,"column":4}}},"6":{"name":"withdraw","line":167,"loc":{"start":{"line":167,"column":4},"end":{"line":187,"column":4}}},"7":{"name":"addStrategy","line":201,"loc":{"start":{"line":197,"column":4},"end":{"line":220,"column":4}}},"8":{"name":"removeStrategy","line":226,"loc":{"start":{"line":226,"column":4},"end":{"line":242,"column":4}}},"9":{"name":"updateStrategyAllocation","line":252,"loc":{"start":{"line":249,"column":4},"end":{"line":264,"column":4}}},"10":{"name":"harvest","line":273,"loc":{"start":{"line":273,"column":4},"end":{"line":286,"column":4}}},"11":{"name":"rebalance","line":294,"loc":{"start":{"line":294,"column":4},"end":{"line":358,"column":4}}},"12":{"name":"getVaultAPY","line":366,"loc":{"start":{"line":366,"column":4},"end":{"line":382,"column":4}}},"13":{"name":"getActiveStrategies","line":388,"loc":{"start":{"line":388,"column":4},"end":{"line":403,"column":4}}},"14":{"name":"getUserBalance","line":411,"loc":{"start":{"line":411,"column":4},"end":{"line":415,"column":4}}},"15":{"name":"getStrategyCount","line":420,"loc":{"start":{"line":420,"column":4},"end":{"line":422,"column":4}}},"16":{"name":"getStrategyInfo","line":428,"loc":{"start":{"line":428,"column":4},"end":{"line":441,"column":4}}},"17":{"name":"pause","line":448,"loc":{"start":{"line":448,"column":4},"end":{"line":450,"column":4}}},"18":{"name":"unpause","line":455,"loc":{"start":{"line":455,"column":4},"end":{"line":457,"column":4}}},"19":{"name":"emergencyWithdraw","line":463,"loc":{"start":{"line":463,"column":4},"end":{"line":483,"column":4}}},"20":{"name":"_calculateShares","line":490,"loc":{"start":{"line":490,"column":4},"end":{"line":498,"column":4}}},"21":{"name":"_calculateAmount","line":503,"loc":{"start":{"line":503,"column":4},"end":{"line":508,"column":4}}},"22":{"name":"_removeFromList","line":513,"loc":{"start":{"line":513,"column":4},"end":{"line":522,"column":4}}},"23":{"name":"setHarvestInterval","line":528,"loc":{"start":{"line":528,"column":4},"end":{"line":531,"column":4}}}},"statementMap":{"1":{"start":{"line":87,"column":8},"end":{"line":87,"column":93}},"2":{"start":{"line":92,"column":8},"end":{"line":92,"column":79}},"3":{"start":{"line":97,"column":8},"end":{"line":97,"column":77}},"4":{"start":{"line":111,"column":8},"end":{"line":111,"column":70}},"5":{"start":{"line":112,"column":8},"end":{"line":112,"column":61}},"6":{"start":{"line":120,"column":8},"end":{"line":120,"column":45}},"7":{"start":{"line":121,"column":8},"end":{"line":121,"column":48}},"8":{"start":{"line":122,"column":8},"end":{"line":122,"column":41}},"9":{"start":{"line":123,"column":8},"end":{"line":123,"column":40}},"10":{"start":{"line":134,"column":8},"end":{"line":134,"column":52}},"11":{"start":{"line":138,"column":8},"end":{"line":138,"column":52}},"12":{"start":{"line":141,"column":8},"end":{"line":141,"column":71}},"13":{"start":{"line":144,"column":8},"end":{"line":144,"column":52}},"14":{"start":{"line":153,"column":8},"end":{"line":153,"column":5622}},"15":{"start":{"line":159,"column":8},"end":{"line":159,"column":48}},"16":{"start":{"line":168,"column":8},"end":{"line":168,"column":52}},"17":{"start":{"line":170,"column":8},"end":{"line":170,"column":52}},"18":{"start":{"line":171,"column":8},"end":{"line":171,"column":76}},"19":{"start":{"line":175,"column":8},"end":{"line":175,"column":52}},"20":{"start":{"line":184,"column":8},"end":{"line":184,"column":52}},"21":{"start":{"line":186,"column":8},"end":{"line":186,"column":49}},"22":{"start":{"line":202,"column":8},"end":{"line":202,"column":65}},"23":{"start":{"line":203,"column":8},"end":{"line":203,"column":76}},"24":{"start":{"line":204,"column":8},"end":{"line":204,"column":92}},"25":{"start":{"line":205,"column":8},"end":{"line":205,"column":98}},"26":{"start":{"line":216,"column":8},"end":{"line":216,"column":34}},"27":{"start":{"line":219,"column":8},"end":{"line":219,"column":58}},"28":{"start":{"line":227,"column":8},"end":{"line":227,"column":79}},"29":{"start":{"line":230,"column":8},"end":{"line":230,"column":75}},"30":{"start":{"line":231,"column":8},"end":{"line":231,"column":8405}},"31":{"start":{"line":232,"column":12},"end":{"line":232,"column":53}},"32":{"start":{"line":239,"column":8},"end":{"line":239,"column":32}},"33":{"start":{"line":241,"column":8},"end":{"line":241,"column":38}},"34":{"start":{"line":253,"column":8},"end":{"line":253,"column":79}},"35":{"start":{"line":254,"column":8},"end":{"line":254,"column":98}},"36":{"start":{"line":256,"column":8},"end":{"line":256,"column":66}},"37":{"start":{"line":257,"column":8},"end":{"line":257,"column":79}},"38":{"start":{"line":258,"column":8},"end":{"line":258,"column":73}},"39":{"start":{"line":263,"column":8},"end":{"line":263,"column":71}},"40":{"start":{"line":274,"column":8},"end":{"line":274,"column":79}},"41":{"start":{"line":275,"column":8},"end":{"line":275,"column":10047}},"42":{"start":{"line":285,"column":8},"end":{"line":285,"column":44}},"43":{"start":{"line":295,"column":8},"end":{"line":295,"column":90}},"44":{"start":{"line":297,"column":8},"end":{"line":297,"column":33}},"45":{"start":{"line":298,"column":8},"end":{"line":298,"column":10962}},"46":{"start":{"line":301,"column":8},"end":{"line":301,"column":82}},"47":{"start":{"line":304,"column":8},"end":{"line":304,"column":11252}},"48":{"start":{"line":305,"column":12},"end":{"line":305,"column":46}},"49":{"start":{"line":306,"column":12},"end":{"line":306,"column":83}},"50":{"start":{"line":308,"column":12},"end":{"line":308,"column":65}},"51":{"start":{"line":309,"column":12},"end":{"line":309,"column":48}},"52":{"start":{"line":311,"column":12},"end":{"line":311,"column":11573}},"53":{"start":{"line":312,"column":16},"end":{"line":312,"column":82}},"54":{"start":{"line":313,"column":16},"end":{"line":313,"column":11704}},"55":{"start":{"line":314,"column":20},"end":{"line":314,"column":90}},"56":{"start":{"line":315,"column":20},"end":{"line":315,"column":11838}},"57":{"start":{"line":316,"column":24},"end":{"line":316,"column":101}},"58":{"start":{"line":325,"column":8},"end":{"line":325,"column":12261}},"59":{"start":{"line":326,"column":12},"end":{"line":326,"column":46}},"60":{"start":{"line":327,"column":12},"end":{"line":327,"column":65}},"61":{"start":{"line":328,"column":12},"end":{"line":328,"column":48}},"62":{"start":{"line":332,"column":12},"end":{"line":332,"column":12555}},"63":{"start":{"line":333,"column":16},"end":{"line":333,"column":73}},"64":{"start":{"line":334,"column":16},"end":{"line":334,"column":75}},"65":{"start":{"line":335,"column":16},"end":{"line":335,"column":12775}},"66":{"start":{"line":336,"column":20},"end":{"line":336,"column":72}},"67":{"start":{"line":337,"column":20},"end":{"line":337,"column":77}},"68":{"start":{"line":338,"column":20},"end":{"line":338,"column":12988}},"69":{"start":{"line":341,"column":20},"end":{"line":341,"column":13114}},"70":{"start":{"line":342,"column":24},"end":{"line":342,"column":70}},"71":{"start":{"line":349,"column":12},"end":{"line":349,"column":13405}},"72":{"start":{"line":350,"column":16},"end":{"line":350,"column":66}},"73":{"start":{"line":357,"column":8},"end":{"line":357,"column":40}},"74":{"start":{"line":367,"column":8},"end":{"line":367,"column":31}},"75":{"start":{"line":369,"column":8},"end":{"line":369,"column":13979}},"76":{"start":{"line":370,"column":12},"end":{"line":370,"column":46}},"77":{"start":{"line":371,"column":12},"end":{"line":371,"column":14095}},"78":{"start":{"line":372,"column":16},"end":{"line":372,"column":63}},"79":{"start":{"line":373,"column":16},"end":{"line":373,"column":67}},"80":{"start":{"line":379,"column":8},"end":{"line":379,"column":14379}},"81":{"start":{"line":389,"column":8},"end":{"line":389,"column":25}},"82":{"start":{"line":390,"column":8},"end":{"line":390,"column":14726}},"83":{"start":{"line":391,"column":12},"end":{"line":391,"column":14794}},"84":{"start":{"line":397,"column":8},"end":{"line":397,"column":23}},"85":{"start":{"line":398,"column":8},"end":{"line":398,"column":14966}},"86":{"start":{"line":399,"column":12},"end":{"line":399,"column":15034}},"87":{"start":{"line":412,"column":8},"end":{"line":412,"column":49}},"88":{"start":{"line":421,"column":8},"end":{"line":421,"column":34}},"89":{"start":{"line":435,"column":8},"end":{"line":435,"column":56}},"90":{"start":{"line":449,"column":8},"end":{"line":449,"column":15}},"91":{"start":{"line":456,"column":8},"end":{"line":456,"column":17}},"92":{"start":{"line":464,"column":8},"end":{"line":464,"column":79}},"93":{"start":{"line":466,"column":8},"end":{"line":466,"column":39}},"94":{"start":{"line":467,"column":8},"end":{"line":467,"column":75}},"95":{"start":{"line":468,"column":8},"end":{"line":468,"column":17102}},"96":{"start":{"line":469,"column":12},"end":{"line":469,"column":53}},"97":{"start":{"line":473,"column":8},"end":{"line":473,"column":73}},"98":{"start":{"line":476,"column":8},"end":{"line":476,"column":17436}},"99":{"start":{"line":482,"column":8},"end":{"line":482,"column":32}},"100":{"start":{"line":491,"column":8},"end":{"line":491,"column":59}},"101":{"start":{"line":492,"column":8},"end":{"line":492,"column":17983}},"102":{"start":{"line":494,"column":12},"end":{"line":494,"column":98}},"103":{"start":{"line":495,"column":12},"end":{"line":495,"column":42}},"104":{"start":{"line":497,"column":8},"end":{"line":497,"column":53}},"105":{"start":{"line":504,"column":8},"end":{"line":504,"column":18450}},"106":{"start":{"line":505,"column":12},"end":{"line":505,"column":20}},"107":{"start":{"line":507,"column":8},"end":{"line":507,"column":53}},"108":{"start":{"line":514,"column":8},"end":{"line":514,"column":41}},"109":{"start":{"line":515,"column":8},"end":{"line":515,"column":18749}},"110":{"start":{"line":516,"column":12},"end":{"line":516,"column":18801}},"111":{"start":{"line":518,"column":16},"end":{"line":518,"column":33}},"112":{"start":{"line":529,"column":8},"end":{"line":529,"column":71}}},"branchMap":{"1":{"line":87,"type":"if","locations":[{"start":{"line":87,"column":8},"end":{"line":87,"column":8}},{"start":{"line":87,"column":8},"end":{"line":87,"column":8}}]},"2":{"line":92,"type":"if","locations":[{"start":{"line":92,"column":8},"end":{"line":92,"column":8}},{"start":{"line":92,"column":8},"end":{"line":92,"column":8}}]},"3":{"line":97,"type":"if","locations":[{"start":{"line":97,"column":8},"end":{"line":97,"column":8}},{"start":{"line":97,"column":8},"end":{"line":97,"column":8}}]},"4":{"line":111,"type":"if","locations":[{"start":{"line":111,"column":8},"end":{"line":111,"column":8}},{"start":{"line":111,"column":8},"end":{"line":111,"column":8}}]},"5":{"line":112,"type":"if","locations":[{"start":{"line":112,"column":8},"end":{"line":112,"column":8}},{"start":{"line":112,"column":8},"end":{"line":112,"column":8}}]},"6":{"line":133,"type":"if","locations":[{"start":{"line":133,"column":46},"end":{"line":133,"column":46}},{"start":{"line":133,"column":46},"end":{"line":133,"column":46}}]},"7":{"line":133,"type":"if","locations":[{"start":{"line":133,"column":59},"end":{"line":133,"column":59}},{"start":{"line":133,"column":59},"end":{"line":133,"column":59}}]},"8":{"line":134,"type":"if","locations":[{"start":{"line":134,"column":8},"end":{"line":134,"column":8}},{"start":{"line":134,"column":8},"end":{"line":134,"column":8}}]},"9":{"line":138,"type":"if","locations":[{"start":{"line":138,"column":8},"end":{"line":138,"column":8}},{"start":{"line":138,"column":8},"end":{"line":138,"column":8}}]},"10":{"line":153,"type":"if","locations":[{"start":{"line":153,"column":8},"end":{"line":153,"column":8}},{"start":{"line":153,"column":8},"end":{"line":153,"column":8}}]},"11":{"line":167,"type":"if","locations":[{"start":{"line":167,"column":47},"end":{"line":167,"column":47}},{"start":{"line":167,"column":47},"end":{"line":167,"column":47}}]},"12":{"line":167,"type":"if","locations":[{"start":{"line":167,"column":60},"end":{"line":167,"column":60}},{"start":{"line":167,"column":60},"end":{"line":167,"column":60}}]},"13":{"line":168,"type":"if","locations":[{"start":{"line":168,"column":8},"end":{"line":168,"column":8}},{"start":{"line":168,"column":8},"end":{"line":168,"column":8}}]},"14":{"line":171,"type":"if","locations":[{"start":{"line":171,"column":8},"end":{"line":171,"column":8}},{"start":{"line":171,"column":8},"end":{"line":171,"column":8}}]},"15":{"line":175,"type":"if","locations":[{"start":{"line":175,"column":8},"end":{"line":175,"column":8}},{"start":{"line":175,"column":8},"end":{"line":175,"column":8}}]},"16":{"line":201,"type":"if","locations":[{"start":{"line":201,"column":15},"end":{"line":201,"column":15}},{"start":{"line":201,"column":15},"end":{"line":201,"column":15}}]},"17":{"line":202,"type":"if","locations":[{"start":{"line":202,"column":8},"end":{"line":202,"column":8}},{"start":{"line":202,"column":8},"end":{"line":202,"column":8}}]},"18":{"line":203,"type":"if","locations":[{"start":{"line":203,"column":8},"end":{"line":203,"column":8}},{"start":{"line":203,"column":8},"end":{"line":203,"column":8}}]},"19":{"line":204,"type":"if","locations":[{"start":{"line":204,"column":8},"end":{"line":204,"column":8}},{"start":{"line":204,"column":8},"end":{"line":204,"column":8}}]},"20":{"line":205,"type":"if","locations":[{"start":{"line":205,"column":8},"end":{"line":205,"column":8}},{"start":{"line":205,"column":8},"end":{"line":205,"column":8}}]},"21":{"line":226,"type":"if","locations":[{"start":{"line":226,"column":55},"end":{"line":226,"column":55}},{"start":{"line":226,"column":55},"end":{"line":226,"column":55}}]},"22":{"line":226,"type":"if","locations":[{"start":{"line":226,"column":75},"end":{"line":226,"column":75}},{"start":{"line":226,"column":75},"end":{"line":226,"column":75}}]},"23":{"line":227,"type":"if","locations":[{"start":{"line":227,"column":8},"end":{"line":227,"column":8}},{"start":{"line":227,"column":8},"end":{"line":227,"column":8}}]},"24":{"line":231,"type":"if","locations":[{"start":{"line":231,"column":8},"end":{"line":231,"column":8}},{"start":{"line":231,"column":8},"end":{"line":231,"column":8}}]},"25":{"line":252,"type":"if","locations":[{"start":{"line":252,"column":15},"end":{"line":252,"column":15}},{"start":{"line":252,"column":15},"end":{"line":252,"column":15}}]},"26":{"line":253,"type":"if","locations":[{"start":{"line":253,"column":8},"end":{"line":253,"column":8}},{"start":{"line":253,"column":8},"end":{"line":253,"column":8}}]},"27":{"line":254,"type":"if","locations":[{"start":{"line":254,"column":8},"end":{"line":254,"column":8}},{"start":{"line":254,"column":8},"end":{"line":254,"column":8}}]},"28":{"line":258,"type":"if","locations":[{"start":{"line":258,"column":8},"end":{"line":258,"column":8}},{"start":{"line":258,"column":8},"end":{"line":258,"column":8}}]},"29":{"line":273,"type":"if","locations":[{"start":{"line":273,"column":48},"end":{"line":273,"column":48}},{"start":{"line":273,"column":48},"end":{"line":273,"column":48}}]},"30":{"line":274,"type":"if","locations":[{"start":{"line":274,"column":8},"end":{"line":274,"column":8}},{"start":{"line":274,"column":8},"end":{"line":274,"column":8}}]},"31":{"line":275,"type":"if","locations":[{"start":{"line":275,"column":8},"end":{"line":275,"column":8}},{"start":{"line":275,"column":8},"end":{"line":275,"column":8}}]},"32":{"line":294,"type":"if","locations":[{"start":{"line":294,"column":67},"end":{"line":294,"column":67}},{"start":{"line":294,"column":67},"end":{"line":294,"column":67}}]},"33":{"line":294,"type":"if","locations":[{"start":{"line":294,"column":81},"end":{"line":294,"column":81}},{"start":{"line":294,"column":81},"end":{"line":294,"column":81}}]},"34":{"line":295,"type":"if","locations":[{"start":{"line":295,"column":8},"end":{"line":295,"column":8}},{"start":{"line":295,"column":8},"end":{"line":295,"column":8}}]},"35":{"line":301,"type":"if","locations":[{"start":{"line":301,"column":8},"end":{"line":301,"column":8}},{"start":{"line":301,"column":8},"end":{"line":301,"column":8}}]},"36":{"line":306,"type":"if","locations":[{"start":{"line":306,"column":12},"end":{"line":306,"column":12}},{"start":{"line":306,"column":12},"end":{"line":306,"column":12}}]},"37":{"line":311,"type":"if","locations":[{"start":{"line":311,"column":12},"end":{"line":311,"column":12}},{"start":{"line":311,"column":12},"end":{"line":311,"column":12}}]},"38":{"line":313,"type":"if","locations":[{"start":{"line":313,"column":16},"end":{"line":313,"column":16}},{"start":{"line":313,"column":16},"end":{"line":313,"column":16}}]},"39":{"line":315,"type":"if","locations":[{"start":{"line":315,"column":20},"end":{"line":315,"column":20}},{"start":{"line":315,"column":20},"end":{"line":315,"column":20}}]},"40":{"line":332,"type":"if","locations":[{"start":{"line":332,"column":12},"end":{"line":332,"column":12}},{"start":{"line":332,"column":12},"end":{"line":332,"column":12}}]},"41":{"line":335,"type":"if","locations":[{"start":{"line":335,"column":16},"end":{"line":335,"column":16}},{"start":{"line":335,"column":16},"end":{"line":335,"column":16}}]},"42":{"line":338,"type":"if","locations":[{"start":{"line":338,"column":20},"end":{"line":338,"column":20}},{"start":{"line":338,"column":20},"end":{"line":338,"column":20}}]},"43":{"line":341,"type":"if","locations":[{"start":{"line":341,"column":20},"end":{"line":341,"column":20}},{"start":{"line":341,"column":20},"end":{"line":341,"column":20}}]},"44":{"line":349,"type":"if","locations":[{"start":{"line":349,"column":12},"end":{"line":349,"column":12}},{"start":{"line":349,"column":12},"end":{"line":349,"column":12}}]},"45":{"line":371,"type":"if","locations":[{"start":{"line":371,"column":12},"end":{"line":371,"column":12}},{"start":{"line":371,"column":12},"end":{"line":371,"column":12}}]},"46":{"line":379,"type":"if","locations":[{"start":{"line":379,"column":8},"end":{"line":379,"column":8}},{"start":{"line":379,"column":8},"end":{"line":379,"column":8}}]},"47":{"line":391,"type":"if","locations":[{"start":{"line":391,"column":12},"end":{"line":391,"column":12}},{"start":{"line":391,"column":12},"end":{"line":391,"column":12}}]},"48":{"line":399,"type":"if","locations":[{"start":{"line":399,"column":12},"end":{"line":399,"column":12}},{"start":{"line":399,"column":12},"end":{"line":399,"column":12}}]},"49":{"line":448,"type":"if","locations":[{"start":{"line":448,"column":30},"end":{"line":448,"column":30}},{"start":{"line":448,"column":30},"end":{"line":448,"column":30}}]},"50":{"line":455,"type":"if","locations":[{"start":{"line":455,"column":32},"end":{"line":455,"column":32}},{"start":{"line":455,"column":32},"end":{"line":455,"column":32}}]},"51":{"line":463,"type":"if","locations":[{"start":{"line":463,"column":58},"end":{"line":463,"column":58}},{"start":{"line":463,"column":58},"end":{"line":463,"column":58}}]},"52":{"line":464,"type":"if","locations":[{"start":{"line":464,"column":8},"end":{"line":464,"column":8}},{"start":{"line":464,"column":8},"end":{"line":464,"column":8}}]},"53":{"line":468,"type":"if","locations":[{"start":{"line":468,"column":8},"end":{"line":468,"column":8}},{"start":{"line":468,"column":8},"end":{"line":468,"column":8}}]},"54":{"line":476,"type":"if","locations":[{"start":{"line":476,"column":8},"end":{"line":476,"column":8}},{"start":{"line":476,"column":8},"end":{"line":476,"column":8}}]},"55":{"line":491,"type":"if","locations":[{"start":{"line":491,"column":8},"end":{"line":491,"column":8}},{"start":{"line":491,"column":8},"end":{"line":491,"column":8}}]},"56":{"line":492,"type":"if","locations":[{"start":{"line":492,"column":8},"end":{"line":492,"column":8}},{"start":{"line":492,"column":8},"end":{"line":492,"column":8}}]},"57":{"line":494,"type":"if","locations":[{"start":{"line":494,"column":12},"end":{"line":494,"column":12}},{"start":{"line":494,"column":12},"end":{"line":494,"column":12}}]},"58":{"line":504,"type":"if","locations":[{"start":{"line":504,"column":8},"end":{"line":504,"column":8}},{"start":{"line":504,"column":8},"end":{"line":504,"column":8}}]},"59":{"line":516,"type":"if","locations":[{"start":{"line":516,"column":12},"end":{"line":516,"column":12}},{"start":{"line":516,"column":12},"end":{"line":516,"column":12}}]},"60":{"line":528,"type":"if","locations":[{"start":{"line":528,"column":62},"end":{"line":528,"column":62}},{"start":{"line":528,"column":62},"end":{"line":528,"column":62}}]},"61":{"line":529,"type":"if","locations":[{"start":{"line":529,"column":8},"end":{"line":529,"column":8}},{"start":{"line":529,"column":8},"end":{"line":529,"column":8}}]}}},"contracts\\YieldMindVault.sol":{"l":{"28":0,"29":0,"33":0,"34":0,"35":0,"36":0,"37":0,"41":0,"42":0,"43":0,"44":0,"45":0,"46":0,"50":0},"path":"C:\\Users\\11071\\YieldMind\\contracts\\contracts\\YieldMindVault.sol","s":{"1":0,"2":0,"3":0,"4":0,"5":0,"6":0,"7":0,"8":0,"9":0},"b":{"1":[0,0],"2":[0,0],"3":[0,0],"4":[0,0],"5":[0,0],"6":[0,0]},"f":{"1":0,"2":0,"3":0,"4":0},"fnMap":{"1":{"name":"constructor","line":27,"loc":{"start":{"line":27,"column":4},"end":{"line":30,"column":4}}},"2":{"name":"deposit","line":32,"loc":{"start":{"line":32,"column":4},"end":{"line":38,"column":4}}},"3":{"name":"withdraw","line":40,"loc":{"start":{"line":40,"column":4},"end":{"line":47,"column":4}}},"4":{"name":"getBalance","line":49,"loc":{"start":{"line":49,"column":4},"end":{"line":51,"column":4}}}},"statementMap":{"1":{"start":{"line":28,"column":8},"end":{"line":28,"column":53}},"2":{"start":{"line":33,"column":8},"end":{"line":33,"column":49}},"3":{"start":{"line":34,"column":8},"end":{"line":34,"column":65}},"4":{"start":{"line":37,"column":8},"end":{"line":37,"column":43}},"5":{"start":{"line":41,"column":8},"end":{"line":41,"column":49}},"6":{"start":{"line":42,"column":8},"end":{"line":42,"column":71}},"7":{"start":{"line":45,"column":8},"end":{"line":45,"column":46}},"8":{"start":{"line":46,"column":8},"end":{"line":46,"column":43}},"9":{"start":{"line":50,"column":8},"end":{"line":50,"column":30}}},"branchMap":{"1":{"line":28,"type":"if","locations":[{"start":{"line":28,"column":8},"end":{"line":28,"column":8}},{"start":{"line":28,"column":8},"end":{"line":28,"column":8}}]},"2":{"line":32,"type":"if","locations":[{"start":{"line":32,"column":47},"end":{"line":32,"column":47}},{"start":{"line":32,"column":47},"end":{"line":32,"column":47}}]},"3":{"line":33,"type":"if","locations":[{"start":{"line":33,"column":8},"end":{"line":33,"column":8}},{"start":{"line":33,"column":8},"end":{"line":33,"column":8}}]},"4":{"line":40,"type":"if","locations":[{"start":{"line":40,"column":48},"end":{"line":40,"column":48}},{"start":{"line":40,"column":48},"end":{"line":40,"column":48}}]},"5":{"line":41,"type":"if","locations":[{"start":{"line":41,"column":8},"end":{"line":41,"column":8}},{"start":{"line":41,"column":8},"end":{"line":41,"column":8}}]},"6":{"line":42,"type":"if","locations":[{"start":{"line":42,"column":8},"end":{"line":42,"column":8}},{"start":{"line":42,"column":8},"end":{"line":42,"column":8}}]}}},"contracts\\YieldStrategy.sol":{"l":{"48":55,"49":55,"50":55,"51":55,"52":55,"53":55,"59":0,"63":0,"67":4,"71":0,"75":0,"82":0,"84":0,"85":0,"87":0,"89":0,"90":0,"91":0,"94":0,"95":0,"98":0,"105":0,"106":0,"108":0,"109":0,"111":0,"112":0,"113":0,"115":0,"117":0,"128":1,"130":1,"132":0,"133":0,"136":0,"137":0,"141":0,"143":0,"151":3,"160":0,"161":0,"162":0,"163":0,"170":0,"171":0,"178":0,"185":0,"191":0,"192":0,"194":0,"198":0,"199":0,"201":0},"path":"C:\\Users\\11071\\YieldMind\\contracts\\contracts\\YieldStrategy.sol","s":{"1":55,"2":0,"3":0,"4":4,"5":0,"6":0,"7":0,"8":0,"9":0,"10":0,"11":0,"12":0,"13":0,"14":0,"15":0,"16":0,"17":1,"18":0,"19":0,"20":0,"21":0,"22":0,"23":3,"24":0,"25":0,"26":0,"27":0,"28":0,"29":0,"30":0,"31":0,"32":0,"33":0,"34":0,"35":0},"b":{"1":[0,0],"2":[0,0],"3":[0,0],"4":[0,0],"5":[0,0],"6":[0,0],"7":[0,0],"8":[0,0],"9":[0,0],"10":[0,0],"11":[1,0],"12":[1,0],"13":[0,1],"14":[0,0],"15":[0,0],"16":[0,0],"17":[0,0],"18":[0,0],"19":[0,0],"20":[0,0],"21":[0,0],"22":[0,0]},"f":{"1":55,"2":0,"3":0,"4":4,"5":0,"6":0,"7":0,"8":0,"9":1,"10":3,"11":0,"12":0,"13":0,"14":0,"15":0,"16":0},"fnMap":{"1":{"name":"constructor","line":40,"loc":{"start":{"line":40,"column":4},"end":{"line":54,"column":4}}},"2":{"name":"name","line":58,"loc":{"start":{"line":58,"column":4},"end":{"line":60,"column":4}}},"3":{"name":"protocol","line":62,"loc":{"start":{"line":62,"column":4},"end":{"line":64,"column":4}}},"4":{"name":"getAPY","line":66,"loc":{"start":{"line":66,"column":4},"end":{"line":68,"column":4}}},"5":{"name":"totalValueLocked","line":70,"loc":{"start":{"line":70,"column":4},"end":{"line":72,"column":4}}},"6":{"name":"isActive","line":74,"loc":{"start":{"line":74,"column":4},"end":{"line":76,"column":4}}},"7":{"name":"deposit","line":81,"loc":{"start":{"line":81,"column":4},"end":{"line":99,"column":4}}},"8":{"name":"withdraw","line":104,"loc":{"start":{"line":104,"column":4},"end":{"line":118,"column":4}}},"9":{"name":"harvest","line":124,"loc":{"start":{"line":124,"column":4},"end":{"line":145,"column":4}}},"10":{"name":"balanceOf","line":150,"loc":{"start":{"line":150,"column":4},"end":{"line":152,"column":4}}},"11":{"name":"updateAPY","line":159,"loc":{"start":{"line":159,"column":4},"end":{"line":164,"column":4}}},"12":{"name":"setPerformanceFee","line":169,"loc":{"start":{"line":169,"column":4},"end":{"line":172,"column":4}}},"13":{"name":"pause","line":177,"loc":{"start":{"line":177,"column":4},"end":{"line":179,"column":4}}},"14":{"name":"unpause","line":184,"loc":{"start":{"line":184,"column":4},"end":{"line":186,"column":4}}},"15":{"name":"_calculateShares","line":190,"loc":{"start":{"line":190,"column":4},"end":{"line":195,"column":4}}},"16":{"name":"_calculateAmount","line":197,"loc":{"start":{"line":197,"column":4},"end":{"line":202,"column":4}}}},"statementMap":{"1":{"start":{"line":53,"column":8},"end":{"line":53,"column":32}},"2":{"start":{"line":59,"column":8},"end":{"line":59,"column":20}},"3":{"start":{"line":63,"column":8},"end":{"line":63,"column":24}},"4":{"start":{"line":67,"column":8},"end":{"line":67,"column":25}},"5":{"start":{"line":71,"column":8},"end":{"line":71,"column":29}},"6":{"start":{"line":75,"column":8},"end":{"line":75,"column":24}},"7":{"start":{"line":82,"column":8},"end":{"line":82,"column":51}},"8":{"start":{"line":85,"column":8},"end":{"line":85,"column":51}},"9":{"start":{"line":87,"column":8},"end":{"line":87,"column":69}},"10":{"start":{"line":94,"column":8},"end":{"line":94,"column":3197}},"11":{"start":{"line":98,"column":8},"end":{"line":98,"column":50}},"12":{"start":{"line":105,"column":8},"end":{"line":105,"column":51}},"13":{"start":{"line":106,"column":8},"end":{"line":106,"column":81}},"14":{"start":{"line":109,"column":8},"end":{"line":109,"column":51}},"15":{"start":{"line":115,"column":8},"end":{"line":115,"column":50}},"16":{"start":{"line":117,"column":8},"end":{"line":117,"column":50}},"17":{"start":{"line":130,"column":8},"end":{"line":130,"column":4501}},"18":{"start":{"line":132,"column":12},"end":{"line":132,"column":65}},"19":{"start":{"line":133,"column":12},"end":{"line":133,"column":50}},"20":{"start":{"line":136,"column":12},"end":{"line":136,"column":4754}},"21":{"start":{"line":137,"column":16},"end":{"line":137,"column":57}},"22":{"start":{"line":143,"column":12},"end":{"line":143,"column":40}},"23":{"start":{"line":151,"column":8},"end":{"line":151,"column":34}},"24":{"start":{"line":160,"column":8},"end":{"line":160,"column":57}},"25":{"start":{"line":161,"column":8},"end":{"line":161,"column":35}},"26":{"start":{"line":163,"column":8},"end":{"line":163,"column":39}},"27":{"start":{"line":170,"column":8},"end":{"line":170,"column":56}},"28":{"start":{"line":178,"column":8},"end":{"line":178,"column":15}},"29":{"start":{"line":185,"column":8},"end":{"line":185,"column":17}},"30":{"start":{"line":191,"column":8},"end":{"line":191,"column":6223}},"31":{"start":{"line":192,"column":12},"end":{"line":192,"column":42}},"32":{"start":{"line":194,"column":8},"end":{"line":194,"column":54}},"33":{"start":{"line":198,"column":8},"end":{"line":198,"column":6452}},"34":{"start":{"line":199,"column":12},"end":{"line":199,"column":20}},"35":{"start":{"line":201,"column":8},"end":{"line":201,"column":54}}},"branchMap":{"1":{"line":81,"type":"if","locations":[{"start":{"line":81,"column":46},"end":{"line":81,"column":46}},{"start":{"line":81,"column":46},"end":{"line":81,"column":46}}]},"2":{"line":81,"type":"if","locations":[{"start":{"line":81,"column":59},"end":{"line":81,"column":59}},{"start":{"line":81,"column":59},"end":{"line":81,"column":59}}]},"3":{"line":82,"type":"if","locations":[{"start":{"line":82,"column":8},"end":{"line":82,"column":8}},{"start":{"line":82,"column":8},"end":{"line":82,"column":8}}]},"4":{"line":85,"type":"if","locations":[{"start":{"line":85,"column":8},"end":{"line":85,"column":8}},{"start":{"line":85,"column":8},"end":{"line":85,"column":8}}]},"5":{"line":94,"type":"if","locations":[{"start":{"line":94,"column":8},"end":{"line":94,"column":8}},{"start":{"line":94,"column":8},"end":{"line":94,"column":8}}]},"6":{"line":104,"type":"if","locations":[{"start":{"line":104,"column":47},"end":{"line":104,"column":47}},{"start":{"line":104,"column":47},"end":{"line":104,"column":47}}]},"7":{"line":104,"type":"if","locations":[{"start":{"line":104,"column":60},"end":{"line":104,"column":60}},{"start":{"line":104,"column":60},"end":{"line":104,"column":60}}]},"8":{"line":105,"type":"if","locations":[{"start":{"line":105,"column":8},"end":{"line":105,"column":8}},{"start":{"line":105,"column":8},"end":{"line":105,"column":8}}]},"9":{"line":106,"type":"if","locations":[{"start":{"line":106,"column":8},"end":{"line":106,"column":8}},{"start":{"line":106,"column":8},"end":{"line":106,"column":8}}]},"10":{"line":109,"type":"if","locations":[{"start":{"line":109,"column":8},"end":{"line":109,"column":8}},{"start":{"line":109,"column":8},"end":{"line":109,"column":8}}]},"11":{"line":124,"type":"if","locations":[{"start":{"line":124,"column":32},"end":{"line":124,"column":32}},{"start":{"line":124,"column":32},"end":{"line":124,"column":32}}]},"12":{"line":124,"type":"if","locations":[{"start":{"line":124,"column":42},"end":{"line":124,"column":42}},{"start":{"line":124,"column":42},"end":{"line":124,"column":42}}]},"13":{"line":130,"type":"if","locations":[{"start":{"line":130,"column":8},"end":{"line":130,"column":8}},{"start":{"line":130,"column":8},"end":{"line":130,"column":8}}]},"14":{"line":136,"type":"if","locations":[{"start":{"line":136,"column":12},"end":{"line":136,"column":12}},{"start":{"line":136,"column":12},"end":{"line":136,"column":12}}]},"15":{"line":159,"type":"if","locations":[{"start":{"line":159,"column":48},"end":{"line":159,"column":48}},{"start":{"line":159,"column":48},"end":{"line":159,"column":48}}]},"16":{"line":160,"type":"if","locations":[{"start":{"line":160,"column":8},"end":{"line":160,"column":8}},{"start":{"line":160,"column":8},"end":{"line":160,"column":8}}]},"17":{"line":169,"type":"if","locations":[{"start":{"line":169,"column":56},"end":{"line":169,"column":56}},{"start":{"line":169,"column":56},"end":{"line":169,"column":56}}]},"18":{"line":170,"type":"if","locations":[{"start":{"line":170,"column":8},"end":{"line":170,"column":8}},{"start":{"line":170,"column":8},"end":{"line":170,"column":8}}]},"19":{"line":177,"type":"if","locations":[{"start":{"line":177,"column":39},"end":{"line":177,"column":39}},{"start":{"line":177,"column":39},"end":{"line":177,"column":39}}]},"20":{"line":184,"type":"if","locations":[{"start":{"line":184,"column":41},"end":{"line":184,"column":41}},{"start":{"line":184,"column":41},"end":{"line":184,"column":41}}]},"21":{"line":191,"type":"if","locations":[{"start":{"line":191,"column":8},"end":{"line":191,"column":8}},{"start":{"line":191,"column":8},"end":{"line":191,"column":8}}]},"22":{"line":198,"type":"if","locations":[{"start":{"line":198,"column":8},"end":{"line":198,"column":8}},{"start":{"line":198,"column":8},"end":{"line":198,"column":8}}]}}}}